Drill report for AstroPix_telescope.kicad_pcb
Created on 2023-09-19 1:14:21 PM

Copper Layer Stackup:
    =============================================================
    L1 :  F.Cu                      front
    L2 :  In1.Cu                    in1
    L3 :  In2.Cu                    in2
    L4 :  B.Cu                      back


Drill file 'AstroPix_telescope-PTH.drl' contains
    plated through holes:
    =============================================================
    T1  0.250mm  0.0098"  (58 holes)
    T2  0.400mm  0.0157"  (143 holes)
    T3  0.700mm  0.0276"  (392 holes)
    T4  1.000mm  0.0394"  (3 holes)
    T5  3.200mm  0.1260"  (2 holes)

    Total plated holes count 598


Drill file 'AstroPix_telescope-NPTH.drl' contains
    unplated through holes:
    =============================================================
    T1  2.350mm  0.0925"  (8 holes)

    Total unplated holes count 8
